<?xml version="1.0" encoding="UTF-8"?>
<testsuite xmlns:xsi="http://www.w3.org/2001/XMLSchema-instance" xsi:noNamespaceSchemaLocation="https://maven.apache.org/surefire/maven-surefire-plugin/xsd/surefire-test-report-3.0.xsd" version="3.0" name="org.springframework.samples.petclinic.api.application.VisitsServiceClientIntegrationTest" time="0.42" tests="1" errors="0" skipped="0" failures="0">
  <properties>
    <property name="git.tags" value=""/>
    <property name="java.specification.version" value="21"/>
    <property name="sun.jnu.encoding" value="UTF-8"/>
    <property name="git.build.version" value="3.2.4"/>
    <property name="java.class.path" value="/Users/andriizachepilo/myproject/azure-webclinic/services/api-gateway/target/test-classes:/Users/andriizachepilo/myproject/azure-webclinic/services/api-gateway/target/classes:/Users/andriizachepilo/.m2/repository/org/springframework/boot/spring-boot-devtools/3.2.4/spring-boot-devtools-3.2.4.jar:/Users/andriizachepilo/.m2/repository/org/springframework/boot/spring-boot/3.2.4/spring-boot-3.2.4.jar:/Users/andriizachepilo/.m2/repository/org/springframework/spring-context/6.1.5/spring-context-6.1.5.jar:/Users/andriizachepilo/.m2/repository/org/springframework/spring-aop/6.1.5/spring-aop-6.1.5.jar:/Users/andriizachepilo/.m2/repository/org/springframework/spring-beans/6.1.5/spring-beans-6.1.5.jar:/Users/andriizachepilo/.m2/repository/org/springframework/spring-expression/6.1.5/spring-expression-6.1.5.jar:/Users/andriizachepilo/.m2/repository/org/springframework/boot/spring-boot-autoconfigure/3.2.4/spring-boot-autoconfigure-3.2.4.jar:/Users/andriizachepilo/.m2/repository/org/springframework/boot/spring-boot-configuration-processor/3.2.4/spring-boot-configuration-processor-3.2.4.jar:/Users/andriizachepilo/.m2/repository/org/springframework/boot/spring-boot-starter-actuator/3.2.4/spring-boot-starter-actuator-3.2.4.jar:/Users/andriizachepilo/.m2/repository/org/springframework/boot/spring-boot-starter/3.2.4/spring-boot-starter-3.2.4.jar:/Users/andriizachepilo/.m2/repository/org/springframework/boot/spring-boot-starter-logging/3.2.4/spring-boot-starter-logging-3.2.4.jar:/Users/andriizachepilo/.m2/repository/ch/qos/logback/logback-classic/1.4.14/logback-classic-1.4.14.jar:/Users/andriizachepilo/.m2/repository/ch/qos/logback/logback-core/1.4.14/logback-core-1.4.14.jar:/Users/andriizachepilo/.m2/repository/org/apache/logging/log4j/log4j-to-slf4j/2.21.1/log4j-to-slf4j-2.21.1.jar:/Users/andriizachepilo/.m2/repository/org/apache/logging/log4j/log4j-api/2.21.1/log4j-api-2.21.1.jar:/Users/andriizachepilo/.m2/repository/org/slf4j/jul-to-slf4j/2.0.12/jul-to-slf4j-2.0.12.jar:/Users/andriizachepilo/.m2/repository/jakarta/annotation/jakarta.annotation-api/2.1.1/jakarta.annotation-api-2.1.1.jar:/Users/andriizachepilo/.m2/repository/org/yaml/snakeyaml/2.2/snakeyaml-2.2.jar:/Users/andriizachepilo/.m2/repository/org/springframework/boot/spring-boot-actuator-autoconfigure/3.2.4/spring-boot-actuator-autoconfigure-3.2.4.jar:/Users/andriizachepilo/.m2/repository/org/springframework/boot/spring-boot-actuator/3.2.4/spring-boot-actuator-3.2.4.jar:/Users/andriizachepilo/.m2/repository/com/fasterxml/jackson/datatype/jackson-datatype-jsr310/2.15.4/jackson-datatype-jsr310-2.15.4.jar:/Users/andriizachepilo/.m2/repository/io/micrometer/micrometer-jakarta9/1.12.4/micrometer-jakarta9-1.12.4.jar:/Users/andriizachepilo/.m2/repository/org/springframework/boot/spring-boot-starter-test/3.2.4/spring-boot-starter-test-3.2.4.jar:/Users/andriizachepilo/.m2/repository/org/springframework/boot/spring-boot-test/3.2.4/spring-boot-test-3.2.4.jar:/Users/andriizachepilo/.m2/repository/org/springframework/boot/spring-boot-test-autoconfigure/3.2.4/spring-boot-test-autoconfigure-3.2.4.jar:/Users/andriizachepilo/.m2/repository/com/jayway/jsonpath/json-path/2.9.0/json-path-2.9.0.jar:/Users/andriizachepilo/.m2/repository/jakarta/xml/bind/jakarta.xml.bind-api/4.0.2/jakarta.xml.bind-api-4.0.2.jar:/Users/andriizachepilo/.m2/repository/jakarta/activation/jakarta.activation-api/2.1.3/jakarta.activation-api-2.1.3.jar:/Users/andriizachepilo/.m2/repository/net/minidev/json-smart/2.5.0/json-smart-2.5.0.jar:/Users/andriizachepilo/.m2/repository/net/minidev/accessors-smart/2.5.0/accessors-smart-2.5.0.jar:/Users/andriizachepilo/.m2/repository/org/ow2/asm/asm/9.3/asm-9.3.jar:/Users/andriizachepilo/.m2/repository/org/assertj/assertj-core/3.24.2/assertj-core-3.24.2.jar:/Users/andriizachepilo/.m2/repository/net/bytebuddy/byte-buddy/1.14.12/byte-buddy-1.14.12.jar:/Users/andriizachepilo/.m2/repository/org/awaitility/awaitility/4.2.0/awaitility-4.2.0.jar:/Users/andriizachepilo/.m2/repository/org/hamcrest/hamcrest/2.2/hamcrest-2.2.jar:/Users/andriizachepilo/.m2/repository/org/junit/jupiter/junit-jupiter/5.10.2/junit-jupiter-5.10.2.jar:/Users/andriizachepilo/.m2/repository/org/junit/jupiter/junit-jupiter-params/5.10.2/junit-jupiter-params-5.10.2.jar:/Users/andriizachepilo/.m2/repository/org/mockito/mockito-core/5.7.0/mockito-core-5.7.0.jar:/Users/andriizachepilo/.m2/repository/net/bytebuddy/byte-buddy-agent/1.14.12/byte-buddy-agent-1.14.12.jar:/Users/andriizachepilo/.m2/repository/org/objenesis/objenesis/3.3/objenesis-3.3.jar:/Users/andriizachepilo/.m2/repository/org/mockito/mockito-junit-jupiter/5.7.0/mockito-junit-jupiter-5.7.0.jar:/Users/andriizachepilo/.m2/repository/org/skyscreamer/jsonassert/1.5.1/jsonassert-1.5.1.jar:/Users/andriizachepilo/.m2/repository/com/vaadin/external/google/android-json/0.0.20131108.vaadin1/android-json-0.0.20131108.vaadin1.jar:/Users/andriizachepilo/.m2/repository/org/springframework/spring-core/6.1.5/spring-core-6.1.5.jar:/Users/andriizachepilo/.m2/repository/org/springframework/spring-jcl/6.1.5/spring-jcl-6.1.5.jar:/Users/andriizachepilo/.m2/repository/org/springframework/spring-test/6.1.5/spring-test-6.1.5.jar:/Users/andriizachepilo/.m2/repository/org/xmlunit/xmlunit-core/2.9.1/xmlunit-core-2.9.1.jar:/Users/andriizachepilo/.m2/repository/org/springframework/cloud/spring-cloud-starter-circuitbreaker-reactor-resilience4j/3.1.1/spring-cloud-starter-circuitbreaker-reactor-resilience4j-3.1.1.jar:/Users/andriizachepilo/.m2/repository/org/springframework/cloud/spring-cloud-starter/4.1.2/spring-cloud-starter-4.1.2.jar:/Users/andriizachepilo/.m2/repository/org/springframework/cloud/spring-cloud-context/4.1.2/spring-cloud-context-4.1.2.jar:/Users/andriizachepilo/.m2/repository/org/springframework/security/spring-security-crypto/6.2.3/spring-security-crypto-6.2.3.jar:/Users/andriizachepilo/.m2/repository/org/springframework/cloud/spring-cloud-commons/4.1.2/spring-cloud-commons-4.1.2.jar:/Users/andriizachepilo/.m2/repository/org/springframework/security/spring-security-rsa/1.1.2/spring-security-rsa-1.1.2.jar:/Users/andriizachepilo/.m2/repository/org/bouncycastle/bcprov-jdk18on/1.77/bcprov-jdk18on-1.77.jar:/Users/andriizachepilo/.m2/repository/org/springframework/cloud/spring-cloud-circuitbreaker-resilience4j/3.1.1/spring-cloud-circuitbreaker-resilience4j-3.1.1.jar:/Users/andriizachepilo/.m2/repository/io/github/resilience4j/resilience4j-spring-boot3/2.1.0/resilience4j-spring-boot3-2.1.0.jar:/Users/andriizachepilo/.m2/repository/io/github/resilience4j/resilience4j-spring6/2.1.0/resilience4j-spring6-2.1.0.jar:/Users/andriizachepilo/.m2/repository/io/github/resilience4j/resilience4j-annotations/2.1.0/resilience4j-annotations-2.1.0.jar:/Users/andriizachepilo/.m2/repository/io/github/resilience4j/resilience4j-consumer/2.1.0/resilience4j-consumer-2.1.0.jar:/Users/andriizachepilo/.m2/repository/io/github/resilience4j/resilience4j-circularbuffer/2.1.0/resilience4j-circularbuffer-2.1.0.jar:/Users/andriizachepilo/.m2/repository/io/github/resilience4j/resilience4j-framework-common/2.1.0/resilience4j-framework-common-2.1.0.jar:/Users/andriizachepilo/.m2/repository/io/github/resilience4j/resilience4j-circuitbreaker/2.1.0/resilience4j-circuitbreaker-2.1.0.jar:/Users/andriizachepilo/.m2/repository/io/github/resilience4j/resilience4j-core/2.1.0/resilience4j-core-2.1.0.jar:/Users/andriizachepilo/.m2/repository/io/github/resilience4j/resilience4j-timelimiter/2.1.0/resilience4j-timelimiter-2.1.0.jar:/Users/andriizachepilo/.m2/repository/io/github/resilience4j/resilience4j-reactor/2.1.0/resilience4j-reactor-2.1.0.jar:/Users/andriizachepilo/.m2/repository/io/projectreactor/reactor-core/3.6.4/reactor-core-3.6.4.jar:/Users/andriizachepilo/.m2/repository/org/reactivestreams/reactive-streams/1.0.4/reactive-streams-1.0.4.jar:/Users/andriizachepilo/.m2/repository/org/springframework/cloud/spring-cloud-starter-config/4.1.1/spring-cloud-starter-config-4.1.1.jar:/Users/andriizachepilo/.m2/repository/org/springframework/cloud/spring-cloud-config-client/4.1.1/spring-cloud-config-client-4.1.1.jar:/Users/andriizachepilo/.m2/repository/org/springframework/spring-web/6.1.5/spring-web-6.1.5.jar:/Users/andriizachepilo/.m2/repository/com/fasterxml/jackson/core/jackson-annotations/2.15.4/jackson-annotations-2.15.4.jar:/Users/andriizachepilo/.m2/repository/org/apache/httpcomponents/client5/httpclient5/5.2.3/httpclient5-5.2.3.jar:/Users/andriizachepilo/.m2/repository/org/apache/httpcomponents/core5/httpcore5/5.2.4/httpcore5-5.2.4.jar:/Users/andriizachepilo/.m2/repository/org/apache/httpcomponents/core5/httpcore5-h2/5.2.4/httpcore5-h2-5.2.4.jar:/Users/andriizachepilo/.m2/repository/com/fasterxml/jackson/core/jackson-databind/2.15.4/jackson-databind-2.15.4.jar:/Users/andriizachepilo/.m2/repository/org/springframework/cloud/spring-cloud-starter-netflix-eureka-client/4.1.1/spring-cloud-starter-netflix-eureka-client-4.1.1.jar:/Users/andriizachepilo/.m2/repository/org/springframework/cloud/spring-cloud-netflix-eureka-client/4.1.1/spring-cloud-netflix-eureka-client-4.1.1.jar:/Users/andriizachepilo/.m2/repository/com/netflix/eureka/eureka-client/2.0.2/eureka-client-2.0.2.jar:/Users/andriizachepilo/.m2/repository/com/netflix/netflix-commons/netflix-eventbus/0.3.0/netflix-eventbus-0.3.0.jar:/Users/andriizachepilo/.m2/repository/com/netflix/netflix-commons/netflix-infix/0.3.0/netflix-infix-0.3.0.jar:/Users/andriizachepilo/.m2/repository/commons-jxpath/commons-jxpath/1.3/commons-jxpath-1.3.jar:/Users/andriizachepilo/.m2/repository/joda-time/joda-time/2.3/joda-time-2.3.jar:/Users/andriizachepilo/.m2/repository/org/antlr/antlr-runtime/3.4/antlr-runtime-3.4.jar:/Users/andriizachepilo/.m2/repository/org/antlr/stringtemplate/3.2.1/stringtemplate-3.2.1.jar:/Users/andriizachepilo/.m2/repository/antlr/antlr/2.7.7/antlr-2.7.7.jar:/Users/andriizachepilo/.m2/repository/com/google/code/gson/gson/2.10.1/gson-2.10.1.jar:/Users/andriizachepilo/.m2/repository/org/apache/commons/commons-math/2.2/commons-math-2.2.jar:/Users/andriizachepilo/.m2/repository/com/thoughtworks/xstream/xstream/1.4.19/xstream-1.4.19.jar:/Users/andriizachepilo/.m2/repository/io/github/x-stream/mxparser/1.2.2/mxparser-1.2.2.jar:/Users/andriizachepilo/.m2/repository/xmlpull/xmlpull/1.1.3.1/xmlpull-1.1.3.1.jar:/Users/andriizachepilo/.m2/repository/jakarta/ws/rs/jakarta.ws.rs-api/3.1.0/jakarta.ws.rs-api-3.1.0.jar:/Users/andriizachepilo/.m2/repository/jakarta/inject/jakarta.inject-api/2.0.1/jakarta.inject-api-2.0.1.jar:/Users/andriizachepilo/.m2/repository/com/netflix/servo/servo-core/0.12.21/servo-core-0.12.21.jar:/Users/andriizachepilo/.m2/repository/com/google/guava/guava/19.0/guava-19.0.jar:/Users/andriizachepilo/.m2/repository/org/apache/httpcomponents/httpclient/4.5.3/httpclient-4.5.3.jar:/Users/andriizachepilo/.m2/repository/org/apache/httpcomponents/httpcore/4.4.16/httpcore-4.4.16.jar:/Users/andriizachepilo/.m2/repository/commons-codec/commons-codec/1.16.1/commons-codec-1.16.1.jar:/Users/andriizachepilo/.m2/repository/commons-configuration/commons-configuration/1.10/commons-configuration-1.10.jar:/Users/andriizachepilo/.m2/repository/commons-lang/commons-lang/2.6/commons-lang-2.6.jar:/Users/andriizachepilo/.m2/repository/org/codehaus/jettison/jettison/1.5.4/jettison-1.5.4.jar:/Users/andriizachepilo/.m2/repository/com/netflix/eureka/eureka-core/2.0.2/eureka-core-2.0.2.jar:/Users/andriizachepilo/.m2/repository/com/fasterxml/woodstox/woodstox-core/6.2.1/woodstox-core-6.2.1.jar:/Users/andriizachepilo/.m2/repository/org/codehaus/woodstox/stax2-api/4.2.1/stax2-api-4.2.1.jar:/Users/andriizachepilo/.m2/repository/org/springframework/cloud/spring-cloud-starter-loadbalancer/4.1.2/spring-cloud-starter-loadbalancer-4.1.2.jar:/Users/andriizachepilo/.m2/repository/org/springframework/cloud/spring-cloud-loadbalancer/4.1.2/spring-cloud-loadbalancer-4.1.2.jar:/Users/andriizachepilo/.m2/repository/org/springframework/boot/spring-boot-starter-cache/3.2.4/spring-boot-starter-cache-3.2.4.jar:/Users/andriizachepilo/.m2/repository/org/springframework/spring-context-support/6.1.5/spring-context-support-6.1.5.jar:/Users/andriizachepilo/.m2/repository/com/stoyanr/evictor/1.0.0/evictor-1.0.0.jar:/Users/andriizachepilo/.m2/repository/org/springframework/cloud/spring-cloud-starter-gateway/4.1.2/spring-cloud-starter-gateway-4.1.2.jar:/Users/andriizachepilo/.m2/repository/org/springframework/cloud/spring-cloud-gateway-server/4.1.2/spring-cloud-gateway-server-4.1.2.jar:/Users/andriizachepilo/.m2/repository/org/springframework/boot/spring-boot-starter-validation/3.2.4/spring-boot-starter-validation-3.2.4.jar:/Users/andriizachepilo/.m2/repository/org/apache/tomcat/embed/tomcat-embed-el/10.1.19/tomcat-embed-el-10.1.19.jar:/Users/andriizachepilo/.m2/repository/org/hibernate/validator/hibernate-validator/8.0.1.Final/hibernate-validator-8.0.1.Final.jar:/Users/andriizachepilo/.m2/repository/jakarta/validation/jakarta.validation-api/3.0.2/jakarta.validation-api-3.0.2.jar:/Users/andriizachepilo/.m2/repository/org/jboss/logging/jboss-logging/3.5.3.Final/jboss-logging-3.5.3.Final.jar:/Users/andriizachepilo/.m2/repository/com/fasterxml/classmate/1.6.0/classmate-1.6.0.jar:/Users/andriizachepilo/.m2/repository/io/projectreactor/addons/reactor-extra/3.5.1/reactor-extra-3.5.1.jar:/Users/andriizachepilo/.m2/repository/org/springframework/boot/spring-boot-starter-webflux/3.2.4/spring-boot-starter-webflux-3.2.4.jar:/Users/andriizachepilo/.m2/repository/org/springframework/boot/spring-boot-starter-json/3.2.4/spring-boot-starter-json-3.2.4.jar:/Users/andriizachepilo/.m2/repository/com/fasterxml/jackson/datatype/jackson-datatype-jdk8/2.15.4/jackson-datatype-jdk8-2.15.4.jar:/Users/andriizachepilo/.m2/repository/com/fasterxml/jackson/module/jackson-module-parameter-names/2.15.4/jackson-module-parameter-names-2.15.4.jar:/Users/andriizachepilo/.m2/repository/org/springframework/boot/spring-boot-starter-reactor-netty/3.2.4/spring-boot-starter-reactor-netty-3.2.4.jar:/Users/andriizachepilo/.m2/repository/io/projectreactor/netty/reactor-netty-http/1.1.17/reactor-netty-http-1.1.17.jar:/Users/andriizachepilo/.m2/repository/io/netty/netty-codec-http/4.1.107.Final/netty-codec-http-4.1.107.Final.jar:/Users/andriizachepilo/.m2/repository/io/netty/netty-common/4.1.107.Final/netty-common-4.1.107.Final.jar:/Users/andriizachepilo/.m2/repository/io/netty/netty-buffer/4.1.107.Final/netty-buffer-4.1.107.Final.jar:/Users/andriizachepilo/.m2/repository/io/netty/netty-transport/4.1.107.Final/netty-transport-4.1.107.Final.jar:/Users/andriizachepilo/.m2/repository/io/netty/netty-codec/4.1.107.Final/netty-codec-4.1.107.Final.jar:/Users/andriizachepilo/.m2/repository/io/netty/netty-handler/4.1.107.Final/netty-handler-4.1.107.Final.jar:/Users/andriizachepilo/.m2/repository/io/netty/netty-codec-http2/4.1.107.Final/netty-codec-http2-4.1.107.Final.jar:/Users/andriizachepilo/.m2/repository/io/netty/netty-resolver-dns/4.1.107.Final/netty-resolver-dns-4.1.107.Final.jar:/Users/andriizachepilo/.m2/repository/io/netty/netty-resolver/4.1.107.Final/netty-resolver-4.1.107.Final.jar:/Users/andriizachepilo/.m2/repository/io/netty/netty-codec-dns/4.1.107.Final/netty-codec-dns-4.1.107.Final.jar:/Users/andriizachepilo/.m2/repository/io/netty/netty-resolver-dns-native-macos/4.1.107.Final/netty-resolver-dns-native-macos-4.1.107.Final-osx-x86_64.jar:/Users/andriizachepilo/.m2/repository/io/netty/netty-resolver-dns-classes-macos/4.1.107.Final/netty-resolver-dns-classes-macos-4.1.107.Final.jar:/Users/andriizachepilo/.m2/repository/io/netty/netty-transport-native-epoll/4.1.107.Final/netty-transport-native-epoll-4.1.107.Final-linux-x86_64.jar:/Users/andriizachepilo/.m2/repository/io/netty/netty-transport-native-unix-common/4.1.107.Final/netty-transport-native-unix-common-4.1.107.Final.jar:/Users/andriizachepilo/.m2/repository/io/netty/netty-transport-classes-epoll/4.1.107.Final/netty-transport-classes-epoll-4.1.107.Final.jar:/Users/andriizachepilo/.m2/repository/io/projectreactor/netty/reactor-netty-core/1.1.17/reactor-netty-core-1.1.17.jar:/Users/andriizachepilo/.m2/repository/io/netty/netty-handler-proxy/4.1.107.Final/netty-handler-proxy-4.1.107.Final.jar:/Users/andriizachepilo/.m2/repository/io/netty/netty-codec-socks/4.1.107.Final/netty-codec-socks-4.1.107.Final.jar:/Users/andriizachepilo/.m2/repository/org/springframework/spring-webflux/6.1.5/spring-webflux-6.1.5.jar:/Users/andriizachepilo/.m2/repository/org/jolokia/jolokia-core/1.7.1/jolokia-core-1.7.1.jar:/Users/andriizachepilo/.m2/repository/com/googlecode/json-simple/json-simple/1.1.1/json-simple-1.1.1.jar:/Users/andriizachepilo/.m2/repository/org/projectlombok/lombok/1.18.30/lombok-1.18.30.jar:/Users/andriizachepilo/.m2/repository/io/micrometer/micrometer-registry-prometheus/1.12.4/micrometer-registry-prometheus-1.12.4.jar:/Users/andriizachepilo/.m2/repository/io/micrometer/micrometer-core/1.12.4/micrometer-core-1.12.4.jar:/Users/andriizachepilo/.m2/repository/org/hdrhistogram/HdrHistogram/2.1.12/HdrHistogram-2.1.12.jar:/Users/andriizachepilo/.m2/repository/org/latencyutils/LatencyUtils/2.0.3/LatencyUtils-2.0.3.jar:/Users/andriizachepilo/.m2/repository/io/prometheus/simpleclient_common/0.16.0/simpleclient_common-0.16.0.jar:/Users/andriizachepilo/.m2/repository/io/prometheus/simpleclient/0.16.0/simpleclient-0.16.0.jar:/Users/andriizachepilo/.m2/repository/io/prometheus/simpleclient_tracer_otel/0.16.0/simpleclient_tracer_otel-0.16.0.jar:/Users/andriizachepilo/.m2/repository/io/prometheus/simpleclient_tracer_common/0.16.0/simpleclient_tracer_common-0.16.0.jar:/Users/andriizachepilo/.m2/repository/io/prometheus/simpleclient_tracer_otel_agent/0.16.0/simpleclient_tracer_otel_agent-0.16.0.jar:/Users/andriizachepilo/.m2/repository/io/github/resilience4j/resilience4j-micrometer/2.1.0/resilience4j-micrometer-2.1.0.jar:/Users/andriizachepilo/.m2/repository/org/slf4j/slf4j-api/2.0.12/slf4j-api-2.0.12.jar:/Users/andriizachepilo/.m2/repository/io/github/resilience4j/resilience4j-bulkhead/2.1.0/resilience4j-bulkhead-2.1.0.jar:/Users/andriizachepilo/.m2/repository/io/github/resilience4j/resilience4j-retry/2.1.0/resilience4j-retry-2.1.0.jar:/Users/andriizachepilo/.m2/repository/io/github/resilience4j/resilience4j-ratelimiter/2.1.0/resilience4j-ratelimiter-2.1.0.jar:/Users/andriizachepilo/.m2/repository/io/opentelemetry/opentelemetry-exporter-zipkin/1.31.0/opentelemetry-exporter-zipkin-1.31.0.jar:/Users/andriizachepilo/.m2/repository/io/opentelemetry/opentelemetry-sdk/1.31.0/opentelemetry-sdk-1.31.0.jar:/Users/andriizachepilo/.m2/repository/io/opentelemetry/opentelemetry-api/1.31.0/opentelemetry-api-1.31.0.jar:/Users/andriizachepilo/.m2/repository/io/opentelemetry/opentelemetry-context/1.31.0/opentelemetry-context-1.31.0.jar:/Users/andriizachepilo/.m2/repository/io/opentelemetry/opentelemetry-sdk-common/1.31.0/opentelemetry-sdk-common-1.31.0.jar:/Users/andriizachepilo/.m2/repository/io/opentelemetry/opentelemetry-sdk-trace/1.31.0/opentelemetry-sdk-trace-1.31.0.jar:/Users/andriizachepilo/.m2/repository/io/opentelemetry/opentelemetry-sdk-metrics/1.31.0/opentelemetry-sdk-metrics-1.31.0.jar:/Users/andriizachepilo/.m2/repository/io/opentelemetry/opentelemetry-extension-incubator/1.31.0-alpha/opentelemetry-extension-incubator-1.31.0-alpha.jar:/Users/andriizachepilo/.m2/repository/io/opentelemetry/opentelemetry-sdk-logs/1.31.0/opentelemetry-sdk-logs-1.31.0.jar:/Users/andriizachepilo/.m2/repository/io/opentelemetry/opentelemetry-api-events/1.31.0-alpha/opentelemetry-api-events-1.31.0-alpha.jar:/Users/andriizachepilo/.m2/repository/io/zipkin/reporter2/zipkin-reporter/2.16.3/zipkin-reporter-2.16.3.jar:/Users/andriizachepilo/.m2/repository/io/zipkin/zipkin2/zipkin/2.23.2/zipkin-2.23.2.jar:/Users/andriizachepilo/.m2/repository/io/opentelemetry/opentelemetry-exporter-common/1.31.0/opentelemetry-exporter-common-1.31.0.jar:/Users/andriizachepilo/.m2/repository/io/opentelemetry/opentelemetry-sdk-extension-autoconfigure-spi/1.31.0/opentelemetry-sdk-extension-autoconfigure-spi-1.31.0.jar:/Users/andriizachepilo/.m2/repository/io/zipkin/reporter2/zipkin-sender-okhttp3/2.16.3/zipkin-sender-okhttp3-2.16.3.jar:/Users/andriizachepilo/.m2/repository/io/micrometer/micrometer-observation/1.12.4/micrometer-observation-1.12.4.jar:/Users/andriizachepilo/.m2/repository/io/micrometer/micrometer-commons/1.12.4/micrometer-commons-1.12.4.jar:/Users/andriizachepilo/.m2/repository/io/micrometer/micrometer-tracing-bridge-brave/1.2.4/micrometer-tracing-bridge-brave-1.2.4.jar:/Users/andriizachepilo/.m2/repository/io/micrometer/micrometer-tracing/1.2.4/micrometer-tracing-1.2.4.jar:/Users/andriizachepilo/.m2/repository/io/micrometer/context-propagation/1.1.1/context-propagation-1.1.1.jar:/Users/andriizachepilo/.m2/repository/aopalliance/aopalliance/1.0/aopalliance-1.0.jar:/Users/andriizachepilo/.m2/repository/io/zipkin/brave/brave/5.16.0/brave-5.16.0.jar:/Users/andriizachepilo/.m2/repository/io/zipkin/brave/brave-context-slf4j/5.16.0/brave-context-slf4j-5.16.0.jar:/Users/andriizachepilo/.m2/repository/io/zipkin/brave/brave-instrumentation-http/5.16.0/brave-instrumentation-http-5.16.0.jar:/Users/andriizachepilo/.m2/repository/io/zipkin/aws/brave-propagation-aws/0.23.5/brave-propagation-aws-0.23.5.jar:/Users/andriizachepilo/.m2/repository/io/zipkin/reporter2/zipkin-reporter-brave/2.16.3/zipkin-reporter-brave-2.16.3.jar:/Users/andriizachepilo/.m2/repository/org/webjars/angularjs/1.8.2/angularjs-1.8.2.jar:/Users/andriizachepilo/.m2/repository/org/webjars/jquery/3.6.0/jquery-3.6.0.jar:/Users/andriizachepilo/.m2/repository/org/webjars/bootstrap/3.3.7-1/bootstrap-3.3.7-1.jar:/Users/andriizachepilo/.m2/repository/org/webjars/angular-ui-router/1.0.20/angular-ui-router-1.0.20.jar:/Users/andriizachepilo/.m2/repository/org/webjars/webjars-locator-core/0.55/webjars-locator-core-0.55.jar:/Users/andriizachepilo/.m2/repository/io/github/classgraph/classgraph/4.8.149/classgraph-4.8.149.jar:/Users/andriizachepilo/.m2/repository/com/fasterxml/jackson/core/jackson-core/2.15.4/jackson-core-2.15.4.jar:/Users/andriizachepilo/.m2/repository/org/junit/jupiter/junit-jupiter-api/5.10.2/junit-jupiter-api-5.10.2.jar:/Users/andriizachepilo/.m2/repository/org/opentest4j/opentest4j/1.3.0/opentest4j-1.3.0.jar:/Users/andriizachepilo/.m2/repository/org/junit/platform/junit-platform-commons/1.10.2/junit-platform-commons-1.10.2.jar:/Users/andriizachepilo/.m2/repository/org/apiguardian/apiguardian-api/1.1.2/apiguardian-api-1.1.2.jar:/Users/andriizachepilo/.m2/repository/org/junit/jupiter/junit-jupiter-engine/5.10.2/junit-jupiter-engine-5.10.2.jar:/Users/andriizachepilo/.m2/repository/org/junit/platform/junit-platform-engine/1.10.2/junit-platform-engine-1.10.2.jar:/Users/andriizachepilo/.m2/repository/com/squareup/okhttp3/mockwebserver/4.12.0/mockwebserver-4.12.0.jar:/Users/andriizachepilo/.m2/repository/com/squareup/okhttp3/okhttp/4.12.0/okhttp-4.12.0.jar:/Users/andriizachepilo/.m2/repository/com/squareup/okio/okio/3.6.0/okio-3.6.0.jar:/Users/andriizachepilo/.m2/repository/com/squareup/okio/okio-jvm/3.6.0/okio-jvm-3.6.0.jar:/Users/andriizachepilo/.m2/repository/org/jetbrains/kotlin/kotlin-stdlib-common/1.9.23/kotlin-stdlib-common-1.9.23.jar:/Users/andriizachepilo/.m2/repository/junit/junit/4.13.2/junit-4.13.2.jar:/Users/andriizachepilo/.m2/repository/org/hamcrest/hamcrest-core/2.2/hamcrest-core-2.2.jar:/Users/andriizachepilo/.m2/repository/org/jetbrains/kotlin/kotlin-stdlib-jdk8/1.9.23/kotlin-stdlib-jdk8-1.9.23.jar:/Users/andriizachepilo/.m2/repository/org/jetbrains/kotlin/kotlin-stdlib/1.9.23/kotlin-stdlib-1.9.23.jar:/Users/andriizachepilo/.m2/repository/org/jetbrains/annotations/13.0/annotations-13.0.jar:/Users/andriizachepilo/.m2/repository/org/jetbrains/kotlin/kotlin-stdlib-jdk7/1.9.23/kotlin-stdlib-jdk7-1.9.23.jar:"/>
    <property name="git.branch" value="main"/>
    <property name="git.build.host" value="Andriis-MBP"/>
    <property name="java.vm.vendor" value="Homebrew"/>
    <property name="sun.arch.data.model" value="64"/>
    <property name="git.commit.id" value="3d201173cbe20e27e01ce515c63d8d998830aaea"/>
    <property name="java.vendor.url" value="https://github.com/Homebrew/homebrew-core/issues"/>
    <property name="user.timezone" value="Europe/London"/>
    <property name="org.jboss.logging.provider" value="slf4j"/>
    <property name="java.vm.specification.version" value="21"/>
    <property name="os.name" value="Mac OS X"/>
    <property name="git.commit.author.time" value="2024-05-12T09:55:20+0100"/>
    <property name="sun.java.launcher" value="SUN_STANDARD"/>
    <property name="user.country" value="GB"/>
    <property name="git.build.user.name" value="Andriizachepilo"/>
    <property name="sun.boot.library.path" value="/opt/homebrew/Cellar/openjdk/21.0.2/libexec/openjdk.jdk/Contents/Home/lib"/>
    <property name="sun.java.command" value="/Users/andriizachepilo/myproject/azure-webclinic/services/api-gateway/target/surefire/surefirebooter-20240512120209805_28.jar /Users/andriizachepilo/myproject/azure-webclinic/services/api-gateway/target/surefire 2024-05-12T12-01-26_611-jvmRun1 surefire-20240512120209805_26tmp surefire_5-20240512120209805_27tmp"/>
    <property name="http.nonProxyHosts" value="local|*.local|169.254/16|*.169.254/16"/>
    <property name="jdk.debug" value="release"/>
    <property name="surefire.test.class.path" value="/Users/andriizachepilo/myproject/azure-webclinic/services/api-gateway/target/test-classes:/Users/andriizachepilo/myproject/azure-webclinic/services/api-gateway/target/classes:/Users/andriizachepilo/.m2/repository/org/springframework/boot/spring-boot-devtools/3.2.4/spring-boot-devtools-3.2.4.jar:/Users/andriizachepilo/.m2/repository/org/springframework/boot/spring-boot/3.2.4/spring-boot-3.2.4.jar:/Users/andriizachepilo/.m2/repository/org/springframework/spring-context/6.1.5/spring-context-6.1.5.jar:/Users/andriizachepilo/.m2/repository/org/springframework/spring-aop/6.1.5/spring-aop-6.1.5.jar:/Users/andriizachepilo/.m2/repository/org/springframework/spring-beans/6.1.5/spring-beans-6.1.5.jar:/Users/andriizachepilo/.m2/repository/org/springframework/spring-expression/6.1.5/spring-expression-6.1.5.jar:/Users/andriizachepilo/.m2/repository/org/springframework/boot/spring-boot-autoconfigure/3.2.4/spring-boot-autoconfigure-3.2.4.jar:/Users/andriizachepilo/.m2/repository/org/springframework/boot/spring-boot-configuration-processor/3.2.4/spring-boot-configuration-processor-3.2.4.jar:/Users/andriizachepilo/.m2/repository/org/springframework/boot/spring-boot-starter-actuator/3.2.4/spring-boot-starter-actuator-3.2.4.jar:/Users/andriizachepilo/.m2/repository/org/springframework/boot/spring-boot-starter/3.2.4/spring-boot-starter-3.2.4.jar:/Users/andriizachepilo/.m2/repository/org/springframework/boot/spring-boot-starter-logging/3.2.4/spring-boot-starter-logging-3.2.4.jar:/Users/andriizachepilo/.m2/repository/ch/qos/logback/logback-classic/1.4.14/logback-classic-1.4.14.jar:/Users/andriizachepilo/.m2/repository/ch/qos/logback/logback-core/1.4.14/logback-core-1.4.14.jar:/Users/andriizachepilo/.m2/repository/org/apache/logging/log4j/log4j-to-slf4j/2.21.1/log4j-to-slf4j-2.21.1.jar:/Users/andriizachepilo/.m2/repository/org/apache/logging/log4j/log4j-api/2.21.1/log4j-api-2.21.1.jar:/Users/andriizachepilo/.m2/repository/org/slf4j/jul-to-slf4j/2.0.12/jul-to-slf4j-2.0.12.jar:/Users/andriizachepilo/.m2/repository/jakarta/annotation/jakarta.annotation-api/2.1.1/jakarta.annotation-api-2.1.1.jar:/Users/andriizachepilo/.m2/repository/org/yaml/snakeyaml/2.2/snakeyaml-2.2.jar:/Users/andriizachepilo/.m2/repository/org/springframework/boot/spring-boot-actuator-autoconfigure/3.2.4/spring-boot-actuator-autoconfigure-3.2.4.jar:/Users/andriizachepilo/.m2/repository/org/springframework/boot/spring-boot-actuator/3.2.4/spring-boot-actuator-3.2.4.jar:/Users/andriizachepilo/.m2/repository/com/fasterxml/jackson/datatype/jackson-datatype-jsr310/2.15.4/jackson-datatype-jsr310-2.15.4.jar:/Users/andriizachepilo/.m2/repository/io/micrometer/micrometer-jakarta9/1.12.4/micrometer-jakarta9-1.12.4.jar:/Users/andriizachepilo/.m2/repository/org/springframework/boot/spring-boot-starter-test/3.2.4/spring-boot-starter-test-3.2.4.jar:/Users/andriizachepilo/.m2/repository/org/springframework/boot/spring-boot-test/3.2.4/spring-boot-test-3.2.4.jar:/Users/andriizachepilo/.m2/repository/org/springframework/boot/spring-boot-test-autoconfigure/3.2.4/spring-boot-test-autoconfigure-3.2.4.jar:/Users/andriizachepilo/.m2/repository/com/jayway/jsonpath/json-path/2.9.0/json-path-2.9.0.jar:/Users/andriizachepilo/.m2/repository/jakarta/xml/bind/jakarta.xml.bind-api/4.0.2/jakarta.xml.bind-api-4.0.2.jar:/Users/andriizachepilo/.m2/repository/jakarta/activation/jakarta.activation-api/2.1.3/jakarta.activation-api-2.1.3.jar:/Users/andriizachepilo/.m2/repository/net/minidev/json-smart/2.5.0/json-smart-2.5.0.jar:/Users/andriizachepilo/.m2/repository/net/minidev/accessors-smart/2.5.0/accessors-smart-2.5.0.jar:/Users/andriizachepilo/.m2/repository/org/ow2/asm/asm/9.3/asm-9.3.jar:/Users/andriizachepilo/.m2/repository/org/assertj/assertj-core/3.24.2/assertj-core-3.24.2.jar:/Users/andriizachepilo/.m2/repository/net/bytebuddy/byte-buddy/1.14.12/byte-buddy-1.14.12.jar:/Users/andriizachepilo/.m2/repository/org/awaitility/awaitility/4.2.0/awaitility-4.2.0.jar:/Users/andriizachepilo/.m2/repository/org/hamcrest/hamcrest/2.2/hamcrest-2.2.jar:/Users/andriizachepilo/.m2/repository/org/junit/jupiter/junit-jupiter/5.10.2/junit-jupiter-5.10.2.jar:/Users/andriizachepilo/.m2/repository/org/junit/jupiter/junit-jupiter-params/5.10.2/junit-jupiter-params-5.10.2.jar:/Users/andriizachepilo/.m2/repository/org/mockito/mockito-core/5.7.0/mockito-core-5.7.0.jar:/Users/andriizachepilo/.m2/repository/net/bytebuddy/byte-buddy-agent/1.14.12/byte-buddy-agent-1.14.12.jar:/Users/andriizachepilo/.m2/repository/org/objenesis/objenesis/3.3/objenesis-3.3.jar:/Users/andriizachepilo/.m2/repository/org/mockito/mockito-junit-jupiter/5.7.0/mockito-junit-jupiter-5.7.0.jar:/Users/andriizachepilo/.m2/repository/org/skyscreamer/jsonassert/1.5.1/jsonassert-1.5.1.jar:/Users/andriizachepilo/.m2/repository/com/vaadin/external/google/android-json/0.0.20131108.vaadin1/android-json-0.0.20131108.vaadin1.jar:/Users/andriizachepilo/.m2/repository/org/springframework/spring-core/6.1.5/spring-core-6.1.5.jar:/Users/andriizachepilo/.m2/repository/org/springframework/spring-jcl/6.1.5/spring-jcl-6.1.5.jar:/Users/andriizachepilo/.m2/repository/org/springframework/spring-test/6.1.5/spring-test-6.1.5.jar:/Users/andriizachepilo/.m2/repository/org/xmlunit/xmlunit-core/2.9.1/xmlunit-core-2.9.1.jar:/Users/andriizachepilo/.m2/repository/org/springframework/cloud/spring-cloud-starter-circuitbreaker-reactor-resilience4j/3.1.1/spring-cloud-starter-circuitbreaker-reactor-resilience4j-3.1.1.jar:/Users/andriizachepilo/.m2/repository/org/springframework/cloud/spring-cloud-starter/4.1.2/spring-cloud-starter-4.1.2.jar:/Users/andriizachepilo/.m2/repository/org/springframework/cloud/spring-cloud-context/4.1.2/spring-cloud-context-4.1.2.jar:/Users/andriizachepilo/.m2/repository/org/springframework/security/spring-security-crypto/6.2.3/spring-security-crypto-6.2.3.jar:/Users/andriizachepilo/.m2/repository/org/springframework/cloud/spring-cloud-commons/4.1.2/spring-cloud-commons-4.1.2.jar:/Users/andriizachepilo/.m2/repository/org/springframework/security/spring-security-rsa/1.1.2/spring-security-rsa-1.1.2.jar:/Users/andriizachepilo/.m2/repository/org/bouncycastle/bcprov-jdk18on/1.77/bcprov-jdk18on-1.77.jar:/Users/andriizachepilo/.m2/repository/org/springframework/cloud/spring-cloud-circuitbreaker-resilience4j/3.1.1/spring-cloud-circuitbreaker-resilience4j-3.1.1.jar:/Users/andriizachepilo/.m2/repository/io/github/resilience4j/resilience4j-spring-boot3/2.1.0/resilience4j-spring-boot3-2.1.0.jar:/Users/andriizachepilo/.m2/repository/io/github/resilience4j/resilience4j-spring6/2.1.0/resilience4j-spring6-2.1.0.jar:/Users/andriizachepilo/.m2/repository/io/github/resilience4j/resilience4j-annotations/2.1.0/resilience4j-annotations-2.1.0.jar:/Users/andriizachepilo/.m2/repository/io/github/resilience4j/resilience4j-consumer/2.1.0/resilience4j-consumer-2.1.0.jar:/Users/andriizachepilo/.m2/repository/io/github/resilience4j/resilience4j-circularbuffer/2.1.0/resilience4j-circularbuffer-2.1.0.jar:/Users/andriizachepilo/.m2/repository/io/github/resilience4j/resilience4j-framework-common/2.1.0/resilience4j-framework-common-2.1.0.jar:/Users/andriizachepilo/.m2/repository/io/github/resilience4j/resilience4j-circuitbreaker/2.1.0/resilience4j-circuitbreaker-2.1.0.jar:/Users/andriizachepilo/.m2/repository/io/github/resilience4j/resilience4j-core/2.1.0/resilience4j-core-2.1.0.jar:/Users/andriizachepilo/.m2/repository/io/github/resilience4j/resilience4j-timelimiter/2.1.0/resilience4j-timelimiter-2.1.0.jar:/Users/andriizachepilo/.m2/repository/io/github/resilience4j/resilience4j-reactor/2.1.0/resilience4j-reactor-2.1.0.jar:/Users/andriizachepilo/.m2/repository/io/projectreactor/reactor-core/3.6.4/reactor-core-3.6.4.jar:/Users/andriizachepilo/.m2/repository/org/reactivestreams/reactive-streams/1.0.4/reactive-streams-1.0.4.jar:/Users/andriizachepilo/.m2/repository/org/springframework/cloud/spring-cloud-starter-config/4.1.1/spring-cloud-starter-config-4.1.1.jar:/Users/andriizachepilo/.m2/repository/org/springframework/cloud/spring-cloud-config-client/4.1.1/spring-cloud-config-client-4.1.1.jar:/Users/andriizachepilo/.m2/repository/org/springframework/spring-web/6.1.5/spring-web-6.1.5.jar:/Users/andriizachepilo/.m2/repository/com/fasterxml/jackson/core/jackson-annotations/2.15.4/jackson-annotations-2.15.4.jar:/Users/andriizachepilo/.m2/repository/org/apache/httpcomponents/client5/httpclient5/5.2.3/httpclient5-5.2.3.jar:/Users/andriizachepilo/.m2/repository/org/apache/httpcomponents/core5/httpcore5/5.2.4/httpcore5-5.2.4.jar:/Users/andriizachepilo/.m2/repository/org/apache/httpcomponents/core5/httpcore5-h2/5.2.4/httpcore5-h2-5.2.4.jar:/Users/andriizachepilo/.m2/repository/com/fasterxml/jackson/core/jackson-databind/2.15.4/jackson-databind-2.15.4.jar:/Users/andriizachepilo/.m2/repository/org/springframework/cloud/spring-cloud-starter-netflix-eureka-client/4.1.1/spring-cloud-starter-netflix-eureka-client-4.1.1.jar:/Users/andriizachepilo/.m2/repository/org/springframework/cloud/spring-cloud-netflix-eureka-client/4.1.1/spring-cloud-netflix-eureka-client-4.1.1.jar:/Users/andriizachepilo/.m2/repository/com/netflix/eureka/eureka-client/2.0.2/eureka-client-2.0.2.jar:/Users/andriizachepilo/.m2/repository/com/netflix/netflix-commons/netflix-eventbus/0.3.0/netflix-eventbus-0.3.0.jar:/Users/andriizachepilo/.m2/repository/com/netflix/netflix-commons/netflix-infix/0.3.0/netflix-infix-0.3.0.jar:/Users/andriizachepilo/.m2/repository/commons-jxpath/commons-jxpath/1.3/commons-jxpath-1.3.jar:/Users/andriizachepilo/.m2/repository/joda-time/joda-time/2.3/joda-time-2.3.jar:/Users/andriizachepilo/.m2/repository/org/antlr/antlr-runtime/3.4/antlr-runtime-3.4.jar:/Users/andriizachepilo/.m2/repository/org/antlr/stringtemplate/3.2.1/stringtemplate-3.2.1.jar:/Users/andriizachepilo/.m2/repository/antlr/antlr/2.7.7/antlr-2.7.7.jar:/Users/andriizachepilo/.m2/repository/com/google/code/gson/gson/2.10.1/gson-2.10.1.jar:/Users/andriizachepilo/.m2/repository/org/apache/commons/commons-math/2.2/commons-math-2.2.jar:/Users/andriizachepilo/.m2/repository/com/thoughtworks/xstream/xstream/1.4.19/xstream-1.4.19.jar:/Users/andriizachepilo/.m2/repository/io/github/x-stream/mxparser/1.2.2/mxparser-1.2.2.jar:/Users/andriizachepilo/.m2/repository/xmlpull/xmlpull/1.1.3.1/xmlpull-1.1.3.1.jar:/Users/andriizachepilo/.m2/repository/jakarta/ws/rs/jakarta.ws.rs-api/3.1.0/jakarta.ws.rs-api-3.1.0.jar:/Users/andriizachepilo/.m2/repository/jakarta/inject/jakarta.inject-api/2.0.1/jakarta.inject-api-2.0.1.jar:/Users/andriizachepilo/.m2/repository/com/netflix/servo/servo-core/0.12.21/servo-core-0.12.21.jar:/Users/andriizachepilo/.m2/repository/com/google/guava/guava/19.0/guava-19.0.jar:/Users/andriizachepilo/.m2/repository/org/apache/httpcomponents/httpclient/4.5.3/httpclient-4.5.3.jar:/Users/andriizachepilo/.m2/repository/org/apache/httpcomponents/httpcore/4.4.16/httpcore-4.4.16.jar:/Users/andriizachepilo/.m2/repository/commons-codec/commons-codec/1.16.1/commons-codec-1.16.1.jar:/Users/andriizachepilo/.m2/repository/commons-configuration/commons-configuration/1.10/commons-configuration-1.10.jar:/Users/andriizachepilo/.m2/repository/commons-lang/commons-lang/2.6/commons-lang-2.6.jar:/Users/andriizachepilo/.m2/repository/org/codehaus/jettison/jettison/1.5.4/jettison-1.5.4.jar:/Users/andriizachepilo/.m2/repository/com/netflix/eureka/eureka-core/2.0.2/eureka-core-2.0.2.jar:/Users/andriizachepilo/.m2/repository/com/fasterxml/woodstox/woodstox-core/6.2.1/woodstox-core-6.2.1.jar:/Users/andriizachepilo/.m2/repository/org/codehaus/woodstox/stax2-api/4.2.1/stax2-api-4.2.1.jar:/Users/andriizachepilo/.m2/repository/org/springframework/cloud/spring-cloud-starter-loadbalancer/4.1.2/spring-cloud-starter-loadbalancer-4.1.2.jar:/Users/andriizachepilo/.m2/repository/org/springframework/cloud/spring-cloud-loadbalancer/4.1.2/spring-cloud-loadbalancer-4.1.2.jar:/Users/andriizachepilo/.m2/repository/org/springframework/boot/spring-boot-starter-cache/3.2.4/spring-boot-starter-cache-3.2.4.jar:/Users/andriizachepilo/.m2/repository/org/springframework/spring-context-support/6.1.5/spring-context-support-6.1.5.jar:/Users/andriizachepilo/.m2/repository/com/stoyanr/evictor/1.0.0/evictor-1.0.0.jar:/Users/andriizachepilo/.m2/repository/org/springframework/cloud/spring-cloud-starter-gateway/4.1.2/spring-cloud-starter-gateway-4.1.2.jar:/Users/andriizachepilo/.m2/repository/org/springframework/cloud/spring-cloud-gateway-server/4.1.2/spring-cloud-gateway-server-4.1.2.jar:/Users/andriizachepilo/.m2/repository/org/springframework/boot/spring-boot-starter-validation/3.2.4/spring-boot-starter-validation-3.2.4.jar:/Users/andriizachepilo/.m2/repository/org/apache/tomcat/embed/tomcat-embed-el/10.1.19/tomcat-embed-el-10.1.19.jar:/Users/andriizachepilo/.m2/repository/org/hibernate/validator/hibernate-validator/8.0.1.Final/hibernate-validator-8.0.1.Final.jar:/Users/andriizachepilo/.m2/repository/jakarta/validation/jakarta.validation-api/3.0.2/jakarta.validation-api-3.0.2.jar:/Users/andriizachepilo/.m2/repository/org/jboss/logging/jboss-logging/3.5.3.Final/jboss-logging-3.5.3.Final.jar:/Users/andriizachepilo/.m2/repository/com/fasterxml/classmate/1.6.0/classmate-1.6.0.jar:/Users/andriizachepilo/.m2/repository/io/projectreactor/addons/reactor-extra/3.5.1/reactor-extra-3.5.1.jar:/Users/andriizachepilo/.m2/repository/org/springframework/boot/spring-boot-starter-webflux/3.2.4/spring-boot-starter-webflux-3.2.4.jar:/Users/andriizachepilo/.m2/repository/org/springframework/boot/spring-boot-starter-json/3.2.4/spring-boot-starter-json-3.2.4.jar:/Users/andriizachepilo/.m2/repository/com/fasterxml/jackson/datatype/jackson-datatype-jdk8/2.15.4/jackson-datatype-jdk8-2.15.4.jar:/Users/andriizachepilo/.m2/repository/com/fasterxml/jackson/module/jackson-module-parameter-names/2.15.4/jackson-module-parameter-names-2.15.4.jar:/Users/andriizachepilo/.m2/repository/org/springframework/boot/spring-boot-starter-reactor-netty/3.2.4/spring-boot-starter-reactor-netty-3.2.4.jar:/Users/andriizachepilo/.m2/repository/io/projectreactor/netty/reactor-netty-http/1.1.17/reactor-netty-http-1.1.17.jar:/Users/andriizachepilo/.m2/repository/io/netty/netty-codec-http/4.1.107.Final/netty-codec-http-4.1.107.Final.jar:/Users/andriizachepilo/.m2/repository/io/netty/netty-common/4.1.107.Final/netty-common-4.1.107.Final.jar:/Users/andriizachepilo/.m2/repository/io/netty/netty-buffer/4.1.107.Final/netty-buffer-4.1.107.Final.jar:/Users/andriizachepilo/.m2/repository/io/netty/netty-transport/4.1.107.Final/netty-transport-4.1.107.Final.jar:/Users/andriizachepilo/.m2/repository/io/netty/netty-codec/4.1.107.Final/netty-codec-4.1.107.Final.jar:/Users/andriizachepilo/.m2/repository/io/netty/netty-handler/4.1.107.Final/netty-handler-4.1.107.Final.jar:/Users/andriizachepilo/.m2/repository/io/netty/netty-codec-http2/4.1.107.Final/netty-codec-http2-4.1.107.Final.jar:/Users/andriizachepilo/.m2/repository/io/netty/netty-resolver-dns/4.1.107.Final/netty-resolver-dns-4.1.107.Final.jar:/Users/andriizachepilo/.m2/repository/io/netty/netty-resolver/4.1.107.Final/netty-resolver-4.1.107.Final.jar:/Users/andriizachepilo/.m2/repository/io/netty/netty-codec-dns/4.1.107.Final/netty-codec-dns-4.1.107.Final.jar:/Users/andriizachepilo/.m2/repository/io/netty/netty-resolver-dns-native-macos/4.1.107.Final/netty-resolver-dns-native-macos-4.1.107.Final-osx-x86_64.jar:/Users/andriizachepilo/.m2/repository/io/netty/netty-resolver-dns-classes-macos/4.1.107.Final/netty-resolver-dns-classes-macos-4.1.107.Final.jar:/Users/andriizachepilo/.m2/repository/io/netty/netty-transport-native-epoll/4.1.107.Final/netty-transport-native-epoll-4.1.107.Final-linux-x86_64.jar:/Users/andriizachepilo/.m2/repository/io/netty/netty-transport-native-unix-common/4.1.107.Final/netty-transport-native-unix-common-4.1.107.Final.jar:/Users/andriizachepilo/.m2/repository/io/netty/netty-transport-classes-epoll/4.1.107.Final/netty-transport-classes-epoll-4.1.107.Final.jar:/Users/andriizachepilo/.m2/repository/io/projectreactor/netty/reactor-netty-core/1.1.17/reactor-netty-core-1.1.17.jar:/Users/andriizachepilo/.m2/repository/io/netty/netty-handler-proxy/4.1.107.Final/netty-handler-proxy-4.1.107.Final.jar:/Users/andriizachepilo/.m2/repository/io/netty/netty-codec-socks/4.1.107.Final/netty-codec-socks-4.1.107.Final.jar:/Users/andriizachepilo/.m2/repository/org/springframework/spring-webflux/6.1.5/spring-webflux-6.1.5.jar:/Users/andriizachepilo/.m2/repository/org/jolokia/jolokia-core/1.7.1/jolokia-core-1.7.1.jar:/Users/andriizachepilo/.m2/repository/com/googlecode/json-simple/json-simple/1.1.1/json-simple-1.1.1.jar:/Users/andriizachepilo/.m2/repository/org/projectlombok/lombok/1.18.30/lombok-1.18.30.jar:/Users/andriizachepilo/.m2/repository/io/micrometer/micrometer-registry-prometheus/1.12.4/micrometer-registry-prometheus-1.12.4.jar:/Users/andriizachepilo/.m2/repository/io/micrometer/micrometer-core/1.12.4/micrometer-core-1.12.4.jar:/Users/andriizachepilo/.m2/repository/org/hdrhistogram/HdrHistogram/2.1.12/HdrHistogram-2.1.12.jar:/Users/andriizachepilo/.m2/repository/org/latencyutils/LatencyUtils/2.0.3/LatencyUtils-2.0.3.jar:/Users/andriizachepilo/.m2/repository/io/prometheus/simpleclient_common/0.16.0/simpleclient_common-0.16.0.jar:/Users/andriizachepilo/.m2/repository/io/prometheus/simpleclient/0.16.0/simpleclient-0.16.0.jar:/Users/andriizachepilo/.m2/repository/io/prometheus/simpleclient_tracer_otel/0.16.0/simpleclient_tracer_otel-0.16.0.jar:/Users/andriizachepilo/.m2/repository/io/prometheus/simpleclient_tracer_common/0.16.0/simpleclient_tracer_common-0.16.0.jar:/Users/andriizachepilo/.m2/repository/io/prometheus/simpleclient_tracer_otel_agent/0.16.0/simpleclient_tracer_otel_agent-0.16.0.jar:/Users/andriizachepilo/.m2/repository/io/github/resilience4j/resilience4j-micrometer/2.1.0/resilience4j-micrometer-2.1.0.jar:/Users/andriizachepilo/.m2/repository/org/slf4j/slf4j-api/2.0.12/slf4j-api-2.0.12.jar:/Users/andriizachepilo/.m2/repository/io/github/resilience4j/resilience4j-bulkhead/2.1.0/resilience4j-bulkhead-2.1.0.jar:/Users/andriizachepilo/.m2/repository/io/github/resilience4j/resilience4j-retry/2.1.0/resilience4j-retry-2.1.0.jar:/Users/andriizachepilo/.m2/repository/io/github/resilience4j/resilience4j-ratelimiter/2.1.0/resilience4j-ratelimiter-2.1.0.jar:/Users/andriizachepilo/.m2/repository/io/opentelemetry/opentelemetry-exporter-zipkin/1.31.0/opentelemetry-exporter-zipkin-1.31.0.jar:/Users/andriizachepilo/.m2/repository/io/opentelemetry/opentelemetry-sdk/1.31.0/opentelemetry-sdk-1.31.0.jar:/Users/andriizachepilo/.m2/repository/io/opentelemetry/opentelemetry-api/1.31.0/opentelemetry-api-1.31.0.jar:/Users/andriizachepilo/.m2/repository/io/opentelemetry/opentelemetry-context/1.31.0/opentelemetry-context-1.31.0.jar:/Users/andriizachepilo/.m2/repository/io/opentelemetry/opentelemetry-sdk-common/1.31.0/opentelemetry-sdk-common-1.31.0.jar:/Users/andriizachepilo/.m2/repository/io/opentelemetry/opentelemetry-sdk-trace/1.31.0/opentelemetry-sdk-trace-1.31.0.jar:/Users/andriizachepilo/.m2/repository/io/opentelemetry/opentelemetry-sdk-metrics/1.31.0/opentelemetry-sdk-metrics-1.31.0.jar:/Users/andriizachepilo/.m2/repository/io/opentelemetry/opentelemetry-extension-incubator/1.31.0-alpha/opentelemetry-extension-incubator-1.31.0-alpha.jar:/Users/andriizachepilo/.m2/repository/io/opentelemetry/opentelemetry-sdk-logs/1.31.0/opentelemetry-sdk-logs-1.31.0.jar:/Users/andriizachepilo/.m2/repository/io/opentelemetry/opentelemetry-api-events/1.31.0-alpha/opentelemetry-api-events-1.31.0-alpha.jar:/Users/andriizachepilo/.m2/repository/io/zipkin/reporter2/zipkin-reporter/2.16.3/zipkin-reporter-2.16.3.jar:/Users/andriizachepilo/.m2/repository/io/zipkin/zipkin2/zipkin/2.23.2/zipkin-2.23.2.jar:/Users/andriizachepilo/.m2/repository/io/opentelemetry/opentelemetry-exporter-common/1.31.0/opentelemetry-exporter-common-1.31.0.jar:/Users/andriizachepilo/.m2/repository/io/opentelemetry/opentelemetry-sdk-extension-autoconfigure-spi/1.31.0/opentelemetry-sdk-extension-autoconfigure-spi-1.31.0.jar:/Users/andriizachepilo/.m2/repository/io/zipkin/reporter2/zipkin-sender-okhttp3/2.16.3/zipkin-sender-okhttp3-2.16.3.jar:/Users/andriizachepilo/.m2/repository/io/micrometer/micrometer-observation/1.12.4/micrometer-observation-1.12.4.jar:/Users/andriizachepilo/.m2/repository/io/micrometer/micrometer-commons/1.12.4/micrometer-commons-1.12.4.jar:/Users/andriizachepilo/.m2/repository/io/micrometer/micrometer-tracing-bridge-brave/1.2.4/micrometer-tracing-bridge-brave-1.2.4.jar:/Users/andriizachepilo/.m2/repository/io/micrometer/micrometer-tracing/1.2.4/micrometer-tracing-1.2.4.jar:/Users/andriizachepilo/.m2/repository/io/micrometer/context-propagation/1.1.1/context-propagation-1.1.1.jar:/Users/andriizachepilo/.m2/repository/aopalliance/aopalliance/1.0/aopalliance-1.0.jar:/Users/andriizachepilo/.m2/repository/io/zipkin/brave/brave/5.16.0/brave-5.16.0.jar:/Users/andriizachepilo/.m2/repository/io/zipkin/brave/brave-context-slf4j/5.16.0/brave-context-slf4j-5.16.0.jar:/Users/andriizachepilo/.m2/repository/io/zipkin/brave/brave-instrumentation-http/5.16.0/brave-instrumentation-http-5.16.0.jar:/Users/andriizachepilo/.m2/repository/io/zipkin/aws/brave-propagation-aws/0.23.5/brave-propagation-aws-0.23.5.jar:/Users/andriizachepilo/.m2/repository/io/zipkin/reporter2/zipkin-reporter-brave/2.16.3/zipkin-reporter-brave-2.16.3.jar:/Users/andriizachepilo/.m2/repository/org/webjars/angularjs/1.8.2/angularjs-1.8.2.jar:/Users/andriizachepilo/.m2/repository/org/webjars/jquery/3.6.0/jquery-3.6.0.jar:/Users/andriizachepilo/.m2/repository/org/webjars/bootstrap/3.3.7-1/bootstrap-3.3.7-1.jar:/Users/andriizachepilo/.m2/repository/org/webjars/angular-ui-router/1.0.20/angular-ui-router-1.0.20.jar:/Users/andriizachepilo/.m2/repository/org/webjars/webjars-locator-core/0.55/webjars-locator-core-0.55.jar:/Users/andriizachepilo/.m2/repository/io/github/classgraph/classgraph/4.8.149/classgraph-4.8.149.jar:/Users/andriizachepilo/.m2/repository/com/fasterxml/jackson/core/jackson-core/2.15.4/jackson-core-2.15.4.jar:/Users/andriizachepilo/.m2/repository/org/junit/jupiter/junit-jupiter-api/5.10.2/junit-jupiter-api-5.10.2.jar:/Users/andriizachepilo/.m2/repository/org/opentest4j/opentest4j/1.3.0/opentest4j-1.3.0.jar:/Users/andriizachepilo/.m2/repository/org/junit/platform/junit-platform-commons/1.10.2/junit-platform-commons-1.10.2.jar:/Users/andriizachepilo/.m2/repository/org/apiguardian/apiguardian-api/1.1.2/apiguardian-api-1.1.2.jar:/Users/andriizachepilo/.m2/repository/org/junit/jupiter/junit-jupiter-engine/5.10.2/junit-jupiter-engine-5.10.2.jar:/Users/andriizachepilo/.m2/repository/org/junit/platform/junit-platform-engine/1.10.2/junit-platform-engine-1.10.2.jar:/Users/andriizachepilo/.m2/repository/com/squareup/okhttp3/mockwebserver/4.12.0/mockwebserver-4.12.0.jar:/Users/andriizachepilo/.m2/repository/com/squareup/okhttp3/okhttp/4.12.0/okhttp-4.12.0.jar:/Users/andriizachepilo/.m2/repository/com/squareup/okio/okio/3.6.0/okio-3.6.0.jar:/Users/andriizachepilo/.m2/repository/com/squareup/okio/okio-jvm/3.6.0/okio-jvm-3.6.0.jar:/Users/andriizachepilo/.m2/repository/org/jetbrains/kotlin/kotlin-stdlib-common/1.9.23/kotlin-stdlib-common-1.9.23.jar:/Users/andriizachepilo/.m2/repository/junit/junit/4.13.2/junit-4.13.2.jar:/Users/andriizachepilo/.m2/repository/org/hamcrest/hamcrest-core/2.2/hamcrest-core-2.2.jar:/Users/andriizachepilo/.m2/repository/org/jetbrains/kotlin/kotlin-stdlib-jdk8/1.9.23/kotlin-stdlib-jdk8-1.9.23.jar:/Users/andriizachepilo/.m2/repository/org/jetbrains/kotlin/kotlin-stdlib/1.9.23/kotlin-stdlib-1.9.23.jar:/Users/andriizachepilo/.m2/repository/org/jetbrains/annotations/13.0/annotations-13.0.jar:/Users/andriizachepilo/.m2/repository/org/jetbrains/kotlin/kotlin-stdlib-jdk7/1.9.23/kotlin-stdlib-jdk7-1.9.23.jar:"/>
    <property name="sun.cpu.endian" value="little"/>
    <property name="user.home" value="/Users/andriizachepilo"/>
    <property name="user.language" value="en"/>
    <property name="git.closest.tag.commit.count" value=""/>
    <property name="java.specification.vendor" value="Oracle Corporation"/>
    <property name="java.version.date" value="2024-01-16"/>
    <property name="java.home" value="/opt/homebrew/Cellar/openjdk/21.0.2/libexec/openjdk.jdk/Contents/Home"/>
    <property name="git.total.commit.count" value="2"/>
    <property name="file.separator" value="/"/>
    <property name="basedir" value="/Users/andriizachepilo/myproject/azure-webclinic/services/api-gateway"/>
    <property name="java.vm.compressedOopsMode" value="Zero based"/>
    <property name="line.separator" value="&#10;"/>
    <property name="git.commit.committer.time" value="2024-05-12T09:55:20+0100"/>
    <property name="git.build.user.email" value="zaandrey1@gmail.com"/>
    <property name="java.vm.specification.vendor" value="Oracle Corporation"/>
    <property name="java.specification.name" value="Java Platform API Specification"/>
    <property name="FILE_LOG_CHARSET" value="UTF-8"/>
    <property name="java.awt.headless" value="true"/>
    <property name="git.closest.tag.name" value=""/>
    <property name="git.local.branch.ahead" value="0"/>
    <property name="apple.awt.application.name" value="ForkedBooter"/>
    <property name="git.build.time" value="2024-05-12T12:02:02+0100"/>
    <property name="surefire.real.class.path" value="/Users/andriizachepilo/myproject/azure-webclinic/services/api-gateway/target/surefire/surefirebooter-20240512120209805_28.jar"/>
    <property name="git.commit.message.full" value="feat: add services"/>
    <property name="sun.management.compiler" value="HotSpot 64-Bit Tiered Compilers"/>
    <property name="ftp.nonProxyHosts" value="local|*.local|169.254/16|*.169.254/16"/>
    <property name="java.runtime.version" value="21.0.2"/>
    <property name="LOG_CORRELATION_PATTERN" value="%correlationId"/>
    <property name="user.name" value="andriizachepilo"/>
    <property name="stdout.encoding" value="UTF-8"/>
    <property name="path.separator" value=":"/>
    <property name="skiTests" value="true"/>
    <property name="os.version" value="13.4.1"/>
    <property name="java.runtime.name" value="OpenJDK Runtime Environment"/>
    <property name="file.encoding" value="UTF-8"/>
    <property name="git.commit.user.email" value="zaandrey1@gmail.com"/>
    <property name="java.vm.name" value="OpenJDK 64-Bit Server VM"/>
    <property name="java.vendor.version" value="Homebrew"/>
    <property name="git.local.branch.behind" value="0"/>
    <property name="git.dirty" value="true"/>
    <property name="localRepository" value="/Users/andriizachepilo/.m2/repository"/>
    <property name="java.vendor.url.bug" value="https://github.com/Homebrew/homebrew-core/issues"/>
    <property name="java.io.tmpdir" value="/var/folders/1m/3xpvm4yx54v219pkf173mm2r0000gn/T/"/>
    <property name="java.version" value="21.0.2"/>
    <property name="user.dir" value="/Users/andriizachepilo/myproject/azure-webclinic/services/api-gateway"/>
    <property name="os.arch" value="aarch64"/>
    <property name="git.commit.user.name" value="Andriizachepilo"/>
    <property name="git.commit.id.abbrev" value="3d20117"/>
    <property name="java.vm.specification.name" value="Java Virtual Machine Specification"/>
    <property name="PID" value="2691"/>
    <property name="git.commit.id.describe-short" value="3d20117-dirty"/>
    <property name="CONSOLE_LOG_CHARSET" value="UTF-8"/>
    <property name="git.commit.id.describe" value="3d20117-dirty"/>
    <property name="native.encoding" value="UTF-8"/>
    <property name="java.library.path" value="/Users/andriizachepilo/Library/Java/Extensions:/Library/Java/Extensions:/Network/Library/Java/Extensions:/System/Library/Java/Extensions:/usr/lib/java:."/>
    <property name="git.commit.message.short" value="feat: add services"/>
    <property name="java.vm.info" value="mixed mode, sharing"/>
    <property name="stderr.encoding" value="UTF-8"/>
    <property name="java.vendor" value="Homebrew"/>
    <property name="java.vm.version" value="21.0.2"/>
    <property name="sun.io.unicode.encoding" value="UnicodeBig"/>
    <property name="socksNonProxyHosts" value="local|*.local|169.254/16|*.169.254/16"/>
    <property name="java.class.version" value="65.0"/>
    <property name="git.commit.time" value="2024-05-12T09:55:20+0100"/>
    <property name="LOGGED_APPLICATION_NAME" value="[api-gateway] "/>
    <property name="git.remote.origin.url" value="https://github.com/Andriizachepilo/azure-webclinic.git"/>
  </properties>
  <testcase name="getVisitsForPets_withAvailableVisitsService" classname="org.springframework.samples.petclinic.api.application.VisitsServiceClientIntegrationTest" time="0.419">
    <system-out><![CDATA[2024-05-12T12:02:19.828+01:00 ERROR 2691 --- [api-gateway] [           main] [                                                 ] i.n.r.d.DnsServerAddressStreamProviders  : Unable to load io.netty.resolver.dns.macos.MacOSDnsServerAddressStreamProvider, fallback to system defaults. This may result in incorrect DNS resolutions on MacOS. Check whether you have a dependency on 'io.netty:netty-resolver-dns-native-macos'. Use DEBUG level to see the full stack: java.lang.UnsatisfiedLinkError: failed to load the required native library
]]></system-out>
  </testcase>
</testsuite>